============================================================
  Generated by:           Genus(TM) Synthesis Solution 21.17-s066_1
  Generated on:           Sep 29 2024  06:56:16 pm
  Module:                 SINGLECORE
  Technology libraries:   tsl18fs590pmhpsvt_ss_4p5v_125c revision 1
                          physical_cells 
  Operating conditions:   _nominal_ 
  Interconnect mode:      global
  Area mode:              physical library
============================================================

                                               
          Gate           Instances     Area                 Library              
---------------------------------------------------------------------------------
AND2_X1_50_SVT                  14     245.862    tsl18fs590pmhpsvt_ss_4p5v_125c 
AND2_X2_50_SVT                   4      70.246    tsl18fs590pmhpsvt_ss_4p5v_125c 
AO21_X2_50_SVT                  18     355.622    tsl18fs590pmhpsvt_ss_4p5v_125c 
AO22_X0_50_SVT                  47    1134.918    tsl18fs590pmhpsvt_ss_4p5v_125c 
AOI211_X1_50_SVT                 4      79.027    tsl18fs590pmhpsvt_ss_4p5v_125c 
AOI211_X2_50_SVT                13     256.838    tsl18fs590pmhpsvt_ss_4p5v_125c 
AOI21_X0_50_SVT                  1      17.562    tsl18fs590pmhpsvt_ss_4p5v_125c 
AOI21_X1_50_SVT                  7     122.931    tsl18fs590pmhpsvt_ss_4p5v_125c 
AOI21_X2_50_SVT                 21     368.794    tsl18fs590pmhpsvt_ss_4p5v_125c 
AOI221_X0_50_SVT                29     700.269    tsl18fs590pmhpsvt_ss_4p5v_125c 
AOI221_X1_50_SVT               148    3573.786    tsl18fs590pmhpsvt_ss_4p5v_125c 
AOI222_X1_50_SVT                16     491.725    tsl18fs590pmhpsvt_ss_4p5v_125c 
AOI222_X2_50_SVT                31    1020.768    tsl18fs590pmhpsvt_ss_4p5v_125c 
AOI22_X1_50_SVT                719   14205.139    tsl18fs590pmhpsvt_ss_4p5v_125c 
CLKNAND2_X2_50_SVT              10     131.712    tsl18fs590pmhpsvt_ss_4p5v_125c 
DFFQ_X2_50_SVT                 992   58796.237    tsl18fs590pmhpsvt_ss_4p5v_125c 
DFFRQ_X2_50_SVT                 32    2177.638    tsl18fs590pmhpsvt_ss_4p5v_125c 
FA1_X1_50_SVT                   89    5665.811    tsl18fs590pmhpsvt_ss_4p5v_125c 
HA1_X1_50_SVT                   30    1053.696    tsl18fs590pmhpsvt_ss_4p5v_125c 
INVP2_X1_50_SVT                  6      52.685    tsl18fs590pmhpsvt_ss_4p5v_125c 
INV_A_NAND2_X0_50_SVT           10     175.616    tsl18fs590pmhpsvt_ss_4p5v_125c 
INV_A_NAND2_X1_50_SVT            1      17.562    tsl18fs590pmhpsvt_ss_4p5v_125c 
INV_A_NAND2_X2_50_SVT            5      87.808    tsl18fs590pmhpsvt_ss_4p5v_125c 
INV_A_NAND2_X4_50_SVT            1      24.147    tsl18fs590pmhpsvt_ss_4p5v_125c 
INV_A_NAND3_X0_50_SVT            1      19.757    tsl18fs590pmhpsvt_ss_4p5v_125c 
INV_A_NOR2_X0_50_SVT            12     210.739    tsl18fs590pmhpsvt_ss_4p5v_125c 
INV_A_NOR2_X2_50_SVT            58    1018.573    tsl18fs590pmhpsvt_ss_4p5v_125c 
INV_A_NOR2_X4_50_SVT             1      24.147    tsl18fs590pmhpsvt_ss_4p5v_125c 
INV_A_NOR3_X0_50_SVT             1      19.757    tsl18fs590pmhpsvt_ss_4p5v_125c 
INV_A_OAI211_X1_50_SVT           7     169.030    tsl18fs590pmhpsvt_ss_4p5v_125c 
INV_A_OAI211_X2_50_SVT          33     796.858    tsl18fs590pmhpsvt_ss_4p5v_125c 
INV_A_OAI21_X0_50_SVT            8     158.054    tsl18fs590pmhpsvt_ss_4p5v_125c 
INV_A_OAI21_X1_50_SVT           15     296.352    tsl18fs590pmhpsvt_ss_4p5v_125c 
INV_X0_50_SVT                    3      26.342    tsl18fs590pmhpsvt_ss_4p5v_125c 
INV_X2_50_SVT                   90     790.272    tsl18fs590pmhpsvt_ss_4p5v_125c 
MUX2_X0_50_SVT                   4     114.150    tsl18fs590pmhpsvt_ss_4p5v_125c 
MUX2_X2_50_SVT                 569   16237.894    tsl18fs590pmhpsvt_ss_4p5v_125c 
MUXI2_X1_50_SVT                 32     772.710    tsl18fs590pmhpsvt_ss_4p5v_125c 
NAND2T_X0_50_SVT                 5      65.856    tsl18fs590pmhpsvt_ss_4p5v_125c 
NAND2T_X1_50_SVT                19     250.253    tsl18fs590pmhpsvt_ss_4p5v_125c 
NAND2_A_NAND2_X2_50_SVT         39     770.515    tsl18fs590pmhpsvt_ss_4p5v_125c 
NAND2_A_OAI21_X2_50_SVT        466   11252.595    tsl18fs590pmhpsvt_ss_4p5v_125c 
NAND2_X0_50_SVT                 16     210.739    tsl18fs590pmhpsvt_ss_4p5v_125c 
NAND2_X1_50_SVT                  2      26.342    tsl18fs590pmhpsvt_ss_4p5v_125c 
NAND2_X2_50_SVT                 19     250.253    tsl18fs590pmhpsvt_ss_4p5v_125c 
NAND2_X3_50_SVT                 14     276.595    tsl18fs590pmhpsvt_ss_4p5v_125c 
NAND3T_X0_50_SVT                 9     158.054    tsl18fs590pmhpsvt_ss_4p5v_125c 
NAND3T_X1_50_SVT                30     526.848    tsl18fs590pmhpsvt_ss_4p5v_125c 
NAND3_X2_50_SVT                 27     474.163    tsl18fs590pmhpsvt_ss_4p5v_125c 
NAND4T_X0_50_SVT                47     928.570    tsl18fs590pmhpsvt_ss_4p5v_125c 
NAND4_X1_50_SVT                  7     138.298    tsl18fs590pmhpsvt_ss_4p5v_125c 
NAND4_X2_50_SVT                113    2232.518    tsl18fs590pmhpsvt_ss_4p5v_125c 
NOR2P3T_X2_50_SVT               13     228.301    tsl18fs590pmhpsvt_ss_4p5v_125c 
NOR2P3_X1_50_SVT                19     250.253    tsl18fs590pmhpsvt_ss_4p5v_125c 
NOR2P3_X2_50_SVT                31     408.307    tsl18fs590pmhpsvt_ss_4p5v_125c 
NOR2_A_AOI21_X2_50_SVT           1      24.147    tsl18fs590pmhpsvt_ss_4p5v_125c 
NOR2_A_NAND3_X1_50_SVT           9     217.325    tsl18fs590pmhpsvt_ss_4p5v_125c 
NOR2_X0_50_SVT                  12     158.054    tsl18fs590pmhpsvt_ss_4p5v_125c 
NOR2_X2_50_SVT                   8     105.370    tsl18fs590pmhpsvt_ss_4p5v_125c 
NOR3_X0_50_SVT                   1      17.562    tsl18fs590pmhpsvt_ss_4p5v_125c 
NOR4_X2_50_SVT                   3      59.270    tsl18fs590pmhpsvt_ss_4p5v_125c 
OA21_X2_50_SVT                   1      19.757    tsl18fs590pmhpsvt_ss_4p5v_125c 
OAI21P2_X1_50_SVT               32     491.725    tsl18fs590pmhpsvt_ss_4p5v_125c 
OAI221_X0_50_SVT                 1      24.147    tsl18fs590pmhpsvt_ss_4p5v_125c 
OAI31_X1_50_SVT                  1      19.757    tsl18fs590pmhpsvt_ss_4p5v_125c 
OR2_X1_50_SVT                    1      17.562    tsl18fs590pmhpsvt_ss_4p5v_125c 
OR2_X2_50_SVT                    1      17.562    tsl18fs590pmhpsvt_ss_4p5v_125c 
OR4_X2_50_SVT                    1      24.147    tsl18fs590pmhpsvt_ss_4p5v_125c 
XNOR2_X2_50_SVT                  1      26.342    tsl18fs590pmhpsvt_ss_4p5v_125c 
XNOR3_X0_50_SVT                  3     151.469    tsl18fs590pmhpsvt_ss_4p5v_125c 
XNOR3_X2_50_SVT                  8     403.917    tsl18fs590pmhpsvt_ss_4p5v_125c 
XOR2NG_X1P5_50_SVT               1      24.147    tsl18fs590pmhpsvt_ss_4p5v_125c 
XOR3_X0_50_SVT                   4     201.958    tsl18fs590pmhpsvt_ss_4p5v_125c 
XOR3_X1_50_SVT                   6     302.938    tsl18fs590pmhpsvt_ss_4p5v_125c 
XOR3_X2_50_SVT                  13     656.365    tsl18fs590pmhpsvt_ss_4p5v_125c 
---------------------------------------------------------------------------------
total                         4066  132893.018                                   


                                           
     Type      Instances    Area    Area % 
-------------------------------------------
sequential          1024  60973.875   45.9 
inverter              99    869.299    0.7 
logic               2943  71049.843   53.5 
physical_cells         0      0.000    0.0 
-------------------------------------------
total               4066 132893.018  100.0 

